=== 
2025-09-18T16:44:41+00:00
TO: abc1234@gmail.com
SUBJECT: Online Auction System - Verify Your Email Address
HEADERS: From: Online Auction System <admin@auctionsystem.com> | Reply-To: admin@auctionsystem.com | MIME-Version: 1.0 | Content-Type: text/html; charset=UTF-8
BODY:
<html><body><h2>Verify Your Email Address</h2><p>Thank you for registering with Online Auction System. Please click the link below to verify your email address:</p><p><a href='http://localhost/online%20auction%20system/verify_email.php?token=xjEkZzpedFXlplfLD9QspnJWunioCC10&email=abc1234%40gmail.com'>http://localhost/online%20auction%20system/verify_email.php?token=xjEkZzpedFXlplfLD9QspnJWunioCC10&email=abc1234%40gmail.com</a></p><p>If you did not register for an account, please ignore this email.</p><p>Regards,<br>Online Auction System Team</p></body></html>

=== 
2025-09-20T03:36:03+00:00
TO: moinsk4507@gmail.com
SUBJECT: Online Auction System - Verify Your Email Address
HEADERS: From: Online Auction System <admin@auctionsystem.com> | Reply-To: admin@auctionsystem.com | MIME-Version: 1.0 | Content-Type: text/html; charset=UTF-8
BODY:
<html><body><h2>Verify Your Email Address</h2><p>Thank you for registering with Online Auction System. Please click the link below to verify your email address:</p><p><a href='http://localhost/online%20auction%20system/verify_email.php?token=Hwkw2NK86zMq2gwTWINNJn8UBE4hXV0K&email=moinsk4507%40gmail.com'>http://localhost/online%20auction%20system/verify_email.php?token=Hwkw2NK86zMq2gwTWINNJn8UBE4hXV0K&email=moinsk4507%40gmail.com</a></p><p>If you did not register for an account, please ignore this email.</p><p>Regards,<br>Online Auction System Team</p></body></html>

=== 
2025-09-20T03:53:39+00:00
TO: moinsk4507@gmail.com
SUBJECT: Online Auction System - Verify Your Email Address
HEADERS: From: Online Auction System <admin@auctionsystem.com> | Reply-To: admin@auctionsystem.com | MIME-Version: 1.0 | Content-Type: text/html; charset=UTF-8
BODY:
<html><body><h2>Verify Your Email Address</h2><p>Thank you for registering with Online Auction System. Please click the link below to verify your email address:</p><p><a href='http://localhost/online%20auction%20system/verify_email.php?token=2AJMcxg9oPM5WS9mr4R3gSEOncEYm5c7&email=moinsk4507%40gmail.com'>http://localhost/online%20auction%20system/verify_email.php?token=2AJMcxg9oPM5WS9mr4R3gSEOncEYm5c7&email=moinsk4507%40gmail.com</a></p><p>If you did not register for an account, please ignore this email.</p><p>Regards,<br>Online Auction System Team</p></body></html>

=== 
2025-09-20T03:53:50+00:00
TO: moinsk4507@gmail.com
SUBJECT: Online Auction System - Verify Your Email Address
HEADERS: From: Online Auction System <admin@auctionsystem.com> | Reply-To: admin@auctionsystem.com | MIME-Version: 1.0 | Content-Type: text/html; charset=UTF-8
BODY:
<html><body><h2>Verify Your Email Address</h2><p>Thank you for registering with Online Auction System. Please click the link below to verify your email address:</p><p><a href='http://localhost/online%20auction%20system/verify_email.php?token=GoYp2t0eY1MoiwyvjnqL4HYMYbJ9Ywa6&email=moinsk4507%40gmail.com'>http://localhost/online%20auction%20system/verify_email.php?token=GoYp2t0eY1MoiwyvjnqL4HYMYbJ9Ywa6&email=moinsk4507%40gmail.com</a></p><p>If you did not register for an account, please ignore this email.</p><p>Regards,<br>Online Auction System Team</p></body></html>

=== 
2025-09-20T03:53:52+00:00
TO: moinsk4507@gmail.com
SUBJECT: Online Auction System - Verify Your Email Address
HEADERS: From: Online Auction System <admin@auctionsystem.com> | Reply-To: admin@auctionsystem.com | MIME-Version: 1.0 | Content-Type: text/html; charset=UTF-8
BODY:
<html><body><h2>Verify Your Email Address</h2><p>Thank you for registering with Online Auction System. Please click the link below to verify your email address:</p><p><a href='http://localhost/online%20auction%20system/verify_email.php?token=5JpeUWvDxt9vQoufDYEG9S1hiXwA4wPd&email=moinsk4507%40gmail.com'>http://localhost/online%20auction%20system/verify_email.php?token=5JpeUWvDxt9vQoufDYEG9S1hiXwA4wPd&email=moinsk4507%40gmail.com</a></p><p>If you did not register for an account, please ignore this email.</p><p>Regards,<br>Online Auction System Team</p></body></html>

=== 
2025-09-20T03:59:57+00:00
TO: moinsk4507@gmail.com
SUBJECT: Online Auction System - Verify Your Email Address
HEADERS: From: Online Auction System <admin@auctionsystem.com> | Reply-To: admin@auctionsystem.com | MIME-Version: 1.0 | Content-Type: text/html; charset=UTF-8
BODY:
<html><body><h2>Verify Your Email Address</h2><p>Thank you for registering with Online Auction System. Please click the link below to verify your email address:</p><p><a href='http://localhost/online%20auction%20system/verify_email.php?token=1d4LuaHLWdxSEMl8LnvM3ovCyiIfQaSp&email=moinsk4507%40gmail.com'>http://localhost/online%20auction%20system/verify_email.php?token=1d4LuaHLWdxSEMl8LnvM3ovCyiIfQaSp&email=moinsk4507%40gmail.com</a></p><p>If you did not register for an account, please ignore this email.</p><p>Regards,<br>Online Auction System Team</p></body></html>

=== 
2025-09-23T13:41:25+00:00
TO: moinsk4507@gmail.com
SUBJECT: Online Auction System - Verify Your Email Address
HEADERS: From: Online Auction System <admin@auctionsystem.com> | Reply-To: admin@auctionsystem.com | MIME-Version: 1.0 | Content-Type: text/html; charset=UTF-8
BODY:
<html><body><h2>Verify Your Email Address</h2><p>Thank you for registering with Online Auction System. Please click the link below to verify your email address:</p><p><a href='http://localhost/online%20auction%20system/verify_email.php?token=e94jX7mJsH4KtRY6rMf9A5twpvggPeJn&email=moinsk4507%40gmail.com'>http://localhost/online%20auction%20system/verify_email.php?token=e94jX7mJsH4KtRY6rMf9A5twpvggPeJn&email=moinsk4507%40gmail.com</a></p><p>If you did not register for an account, please ignore this email.</p><p>Regards,<br>Online Auction System Team</p></body></html>

=== 
2025-09-27T14:42:39+00:00
TO: moinsk4507@gmail.com
SUBJECT: AuctionHUB - Password Reset Request
HEADERS: From: AuctionHUB <admin@auctionsystem.com> | Reply-To: admin@auctionsystem.com | MIME-Version: 1.0 | Content-Type: text/html; charset=UTF-8
BODY:
<html><body><h2>Password Reset Request</h2><p>You have requested to reset your password. Please click the link below to reset your password:</p><p><a href='http://localhost/online%20auction%20system/reset_password.php?token=F5wUlVNwyByV5a7NDlXXBaNFLISRtkyJ&email=moinsk4507%40gmail.com'>http://localhost/online%20auction%20system/reset_password.php?token=F5wUlVNwyByV5a7NDlXXBaNFLISRtkyJ&email=moinsk4507%40gmail.com</a></p><p>This link will expire in 1 hour.</p><p>If you did not request a password reset, please ignore this email.</p><p>Regards,<br>AuctionHUB Team</p></body></html>

